2021-12-09 20:05:24 [main] INFO  com.Covid.CovidReportApplication - Started CovidReportApplication in 3.701 seconds (JVM running for 4.536)
2021-12-09 20:05:49 [main] INFO  com.Covid.CovidReportApplication - Starting CovidReportApplication using Java 17 on ISHAIK-L-2438 with PID 20200 (C:\Users\ishaik\Downloads\workspace\CovidReport\target\classes started by ishaik in C:\Users\ishaik\Downloads\workspace\CovidReport)
2021-12-09 20:05:49 [main] DEBUG com.Covid.CovidReportApplication - Running with Spring Boot v2.6.1, Spring v5.3.13
2021-12-09 20:05:49 [main] INFO  com.Covid.CovidReportApplication - No active profile set, falling back to default profiles: default
2021-12-09 20:05:52 [main] INFO  com.Covid.CovidReportApplication - Started CovidReportApplication in 3.705 seconds (JVM running for 4.609)
2021-12-09 20:05:59 [http-nio-8080-exec-1] DEBUG com.Covid.CovidReportApplication - Request by id1
2021-12-09 20:05:59 [http-nio-8080-exec-1] DEBUG com.Covid.CovidReportApplication - Response 
2021-12-09 20:05:59 [http-nio-8080-exec-3] DEBUG com.Covid.CovidReportApplication - Request by id2
2021-12-09 20:05:59 [http-nio-8080-exec-3] DEBUG com.Covid.CovidReportApplication - Response 
2021-12-09 20:05:59 [http-nio-8080-exec-5] DEBUG com.Covid.CovidReportApplication - Request by id3
2021-12-09 20:05:59 [http-nio-8080-exec-5] DEBUG com.Covid.CovidReportApplication - Response 
2021-12-09 20:05:59 [http-nio-8080-exec-7] DEBUG com.Covid.CovidReportApplication - Request by id4
2021-12-09 20:05:59 [http-nio-8080-exec-7] DEBUG com.Covid.CovidReportApplication - Response 
2021-12-09 20:05:59 [http-nio-8080-exec-9] DEBUG com.Covid.CovidReportApplication - Request by id5
2021-12-09 20:05:59 [http-nio-8080-exec-9] DEBUG com.Covid.CovidReportApplication - Response 
2021-12-09 20:05:59 [http-nio-8080-exec-1] DEBUG com.Covid.CovidReportApplication - Request by id6
2021-12-09 20:05:59 [http-nio-8080-exec-1] DEBUG com.Covid.CovidReportApplication - Response 
2021-12-09 20:05:59 [http-nio-8080-exec-3] DEBUG com.Covid.CovidReportApplication - Request by id7
2021-12-09 20:05:59 [http-nio-8080-exec-3] DEBUG com.Covid.CovidReportApplication - Response 
2021-12-09 20:06:00 [http-nio-8080-exec-5] DEBUG com.Covid.CovidReportApplication - Request by id8
2021-12-09 20:06:00 [http-nio-8080-exec-5] DEBUG com.Covid.CovidReportApplication - Response 
2021-12-09 20:06:00 [http-nio-8080-exec-7] DEBUG com.Covid.CovidReportApplication - Request by id9
2021-12-09 20:06:00 [http-nio-8080-exec-7] DEBUG com.Covid.CovidReportApplication - Response 
2021-12-09 20:06:00 [http-nio-8080-exec-9] DEBUG com.Covid.CovidReportApplication - Request by id10
2021-12-09 20:06:00 [http-nio-8080-exec-1] DEBUG com.Covid.CovidReportApplication - Request by id11
2021-12-09 20:06:00 [http-nio-8080-exec-3] DEBUG com.Covid.CovidReportApplication - Request by id12
2021-12-09 20:06:00 [http-nio-8080-exec-3] DEBUG com.Covid.CovidReportApplication - Response 
2021-12-09 20:06:00 [http-nio-8080-exec-5] DEBUG com.Covid.CovidReportApplication - Request by id13
2021-12-09 20:06:00 [http-nio-8080-exec-5] DEBUG com.Covid.CovidReportApplication - Response 
2021-12-09 20:06:00 [http-nio-8080-exec-7] DEBUG com.Covid.CovidReportApplication - Request by id14
2021-12-09 20:06:00 [http-nio-8080-exec-7] DEBUG com.Covid.CovidReportApplication - Response 
2021-12-09 20:06:00 [http-nio-8080-exec-9] DEBUG com.Covid.CovidReportApplication - Request by id15
2021-12-09 20:06:00 [http-nio-8080-exec-9] DEBUG com.Covid.CovidReportApplication - Response 
2021-12-09 20:06:00 [http-nio-8080-exec-1] DEBUG com.Covid.CovidReportApplication - Request by id16
2021-12-09 20:06:01 [http-nio-8080-exec-3] DEBUG com.Covid.CovidReportApplication - Request by id17
2021-12-09 20:06:01 [http-nio-8080-exec-5] DEBUG com.Covid.CovidReportApplication - Request by id18
2021-12-09 20:06:01 [http-nio-8080-exec-7] DEBUG com.Covid.CovidReportApplication - Request by id19
2021-12-09 20:06:01 [http-nio-8080-exec-9] DEBUG com.Covid.CovidReportApplication - Request by id20
2021-12-09 20:06:01 [http-nio-8080-exec-1] DEBUG com.Covid.CovidReportApplication - Request by id21
2021-12-09 20:06:01 [http-nio-8080-exec-3] DEBUG com.Covid.CovidReportApplication - Request by id22
2021-12-09 20:06:01 [http-nio-8080-exec-5] DEBUG com.Covid.CovidReportApplication - Request by id23
2021-12-09 20:06:01 [http-nio-8080-exec-7] DEBUG com.Covid.CovidReportApplication - Request by id24
2021-12-09 20:06:01 [http-nio-8080-exec-9] DEBUG com.Covid.CovidReportApplication - Request by id25
2021-12-09 20:06:02 [http-nio-8080-exec-1] DEBUG com.Covid.CovidReportApplication - Request by id26
2021-12-09 20:06:02 [http-nio-8080-exec-3] DEBUG com.Covid.CovidReportApplication - Request by id27
2021-12-09 20:06:02 [http-nio-8080-exec-5] DEBUG com.Covid.CovidReportApplication - Request by id28
2021-12-09 20:06:02 [http-nio-8080-exec-7] DEBUG com.Covid.CovidReportApplication - Request by id29
2021-12-09 20:06:02 [http-nio-8080-exec-9] DEBUG com.Covid.CovidReportApplication - Request by id30
2021-12-09 20:06:02 [http-nio-8080-exec-1] DEBUG com.Covid.CovidReportApplication - Request by id31
2021-12-09 20:06:02 [http-nio-8080-exec-3] DEBUG com.Covid.CovidReportApplication - Request by id32
2021-12-09 20:06:02 [http-nio-8080-exec-5] DEBUG com.Covid.CovidReportApplication - Request by id33
2021-12-09 20:06:02 [http-nio-8080-exec-7] DEBUG com.Covid.CovidReportApplication - Request by id34
2021-12-09 20:06:03 [http-nio-8080-exec-9] DEBUG com.Covid.CovidReportApplication - Request by id35
2021-12-09 20:06:03 [http-nio-8080-exec-1] DEBUG com.Covid.CovidReportApplication - Request by id36
2021-12-09 20:06:03 [http-nio-8080-exec-3] DEBUG com.Covid.CovidReportApplication - Request by id37
2021-12-09 20:06:03 [http-nio-8080-exec-5] DEBUG com.Covid.CovidReportApplication - Request by id38
2021-12-09 20:06:03 [http-nio-8080-exec-7] DEBUG com.Covid.CovidReportApplication - Request by id39
2021-12-09 20:06:03 [http-nio-8080-exec-9] DEBUG com.Covid.CovidReportApplication - Request by id40
2021-12-09 20:06:03 [http-nio-8080-exec-1] DEBUG com.Covid.CovidReportApplication - Request by id41
2021-12-09 20:06:03 [http-nio-8080-exec-3] DEBUG com.Covid.CovidReportApplication - Request by id42
2021-12-09 20:06:03 [http-nio-8080-exec-5] DEBUG com.Covid.CovidReportApplication - Request by id43
2021-12-09 20:06:03 [http-nio-8080-exec-7] DEBUG com.Covid.CovidReportApplication - Request by id44
2021-12-09 20:06:04 [http-nio-8080-exec-9] DEBUG com.Covid.CovidReportApplication - Request by id45
2021-12-09 20:06:04 [http-nio-8080-exec-1] DEBUG com.Covid.CovidReportApplication - Request by id46
2021-12-09 20:06:04 [http-nio-8080-exec-3] DEBUG com.Covid.CovidReportApplication - Request by id47
2021-12-09 20:06:04 [http-nio-8080-exec-5] DEBUG com.Covid.CovidReportApplication - Request by id48
2021-12-09 20:06:04 [http-nio-8080-exec-7] DEBUG com.Covid.CovidReportApplication - Request by id49
2021-12-09 20:06:04 [http-nio-8080-exec-9] DEBUG com.Covid.CovidReportApplication - Request by id50
2021-12-09 20:06:04 [http-nio-8080-exec-1] DEBUG com.Covid.CovidReportApplication - Request by id51
2021-12-09 20:06:04 [http-nio-8080-exec-3] DEBUG com.Covid.CovidReportApplication - Request by id52
2021-12-09 20:06:04 [http-nio-8080-exec-5] DEBUG com.Covid.CovidReportApplication - Request by id53
2021-12-09 20:06:05 [http-nio-8080-exec-7] DEBUG com.Covid.CovidReportApplication - Request by id54
2021-12-09 20:06:05 [http-nio-8080-exec-9] DEBUG com.Covid.CovidReportApplication - Request by id55
2021-12-09 20:06:05 [http-nio-8080-exec-1] DEBUG com.Covid.CovidReportApplication - Request by id56
2021-12-09 20:06:05 [http-nio-8080-exec-3] DEBUG com.Covid.CovidReportApplication - Request by id57
2021-12-09 20:06:05 [http-nio-8080-exec-5] DEBUG com.Covid.CovidReportApplication - Request by id58
2021-12-09 20:06:05 [http-nio-8080-exec-7] DEBUG com.Covid.CovidReportApplication - Request by id59
2021-12-09 20:06:05 [http-nio-8080-exec-9] DEBUG com.Covid.CovidReportApplication - Request by id60
2021-12-09 20:06:05 [http-nio-8080-exec-1] DEBUG com.Covid.CovidReportApplication - Request by id61
2021-12-09 20:06:05 [http-nio-8080-exec-3] DEBUG com.Covid.CovidReportApplication - Request by id62
2021-12-09 20:06:06 [http-nio-8080-exec-5] DEBUG com.Covid.CovidReportApplication - Request by id63
2021-12-09 20:06:06 [http-nio-8080-exec-7] DEBUG com.Covid.CovidReportApplication - Request by id64
2021-12-09 20:06:06 [http-nio-8080-exec-9] DEBUG com.Covid.CovidReportApplication - Request by id65
2021-12-09 20:06:06 [http-nio-8080-exec-1] DEBUG com.Covid.CovidReportApplication - Request by id66
2021-12-09 20:06:06 [http-nio-8080-exec-3] DEBUG com.Covid.CovidReportApplication - Request by id67
2021-12-09 20:06:06 [http-nio-8080-exec-5] DEBUG com.Covid.CovidReportApplication - Request by id68
2021-12-09 20:06:06 [http-nio-8080-exec-7] DEBUG com.Covid.CovidReportApplication - Request by id69
2021-12-09 20:06:06 [http-nio-8080-exec-9] DEBUG com.Covid.CovidReportApplication - Request by id70
2021-12-09 20:06:06 [http-nio-8080-exec-1] DEBUG com.Covid.CovidReportApplication - Request by id71
2021-12-09 20:06:06 [http-nio-8080-exec-3] DEBUG com.Covid.CovidReportApplication - Request by id72
2021-12-09 20:06:06 [http-nio-8080-exec-5] DEBUG com.Covid.CovidReportApplication - Request by id73
2021-12-09 20:06:07 [http-nio-8080-exec-7] DEBUG com.Covid.CovidReportApplication - Request by id74
2021-12-09 20:06:07 [http-nio-8080-exec-9] DEBUG com.Covid.CovidReportApplication - Request by id75
2021-12-09 20:06:07 [http-nio-8080-exec-1] DEBUG com.Covid.CovidReportApplication - Request by id76
2021-12-09 20:06:07 [http-nio-8080-exec-3] DEBUG com.Covid.CovidReportApplication - Request by id77
2021-12-09 20:06:07 [http-nio-8080-exec-5] DEBUG com.Covid.CovidReportApplication - Request by id78
2021-12-09 20:06:07 [http-nio-8080-exec-7] DEBUG com.Covid.CovidReportApplication - Request by id79
2021-12-09 20:06:07 [http-nio-8080-exec-9] DEBUG com.Covid.CovidReportApplication - Request by id80
2021-12-09 20:06:07 [http-nio-8080-exec-1] DEBUG com.Covid.CovidReportApplication - Request by id81
2021-12-09 20:06:07 [http-nio-8080-exec-3] DEBUG com.Covid.CovidReportApplication - Request by id82
